0 info it worked if it ends with ok
1 verbose cli [
1 verbose cli   '/root/.nvm/versions/node/v18.4.0/bin/node',
1 verbose cli   '/root/.nvm/versions/node/v18.4.0/bin/npm',
1 verbose cli   'run',
1 verbose cli   'dev'
1 verbose cli ]
2 info using npm@3.10.10
3 info using node@v18.4.0
4 verbose run-script [ 'predev', 'dev', 'postdev' ]
5 info lifecycle nodejs@1.0.0~predev: nodejs@1.0.0
6 silly lifecycle nodejs@1.0.0~predev: no script for predev, continuing
7 info lifecycle nodejs@1.0.0~dev: nodejs@1.0.0
8 verbose lifecycle nodejs@1.0.0~dev: unsafe-perm in lifecycle true
9 verbose lifecycle nodejs@1.0.0~dev: PATH: /root/.nvm/versions/node/v18.4.0/lib/node_modules/npm/bin/node-gyp-bin:/home/rescobar/Escritorio/CURSOS 2022/buildwithin/nodejs/node_modules/.bin:/root/.nvm/versions/node/v18.4.0/bin:/usr/local/sbin:/usr/local/bin:/usr/sbin:/usr/bin:/sbin:/bin:/usr/games:/usr/local/games:/snap/bin
10 verbose lifecycle nodejs@1.0.0~dev: CWD: /home/rescobar/Escritorio/CURSOS 2022/buildwithin/nodejs
11 silly lifecycle nodejs@1.0.0~dev: Args: [ '-c', 'nodemon ./app.js' ]
12 info lifecycle nodejs@1.0.0~dev: Failed to exec dev script
13 verbose stack Error: nodejs@1.0.0 dev: `nodemon ./app.js`
13 verbose stack spawn ENOENT
13 verbose stack     at ChildProcess.<anonymous> (/root/.nvm/versions/node/v18.4.0/lib/node_modules/npm/lib/utils/spawn.js:33:16)
13 verbose stack     at ChildProcess.emit (node:events:537:28)
13 verbose stack     at maybeClose (node:internal/child_process:1091:16)
13 verbose stack     at ChildProcess._handle.onexit (node:internal/child_process:302:5)
14 verbose pkgid nodejs@1.0.0
15 verbose cwd /home/rescobar/Escritorio/CURSOS 2022/buildwithin/nodejs
16 error Linux 5.15.0-47-generic
17 error argv "/root/.nvm/versions/node/v18.4.0/bin/node" "/root/.nvm/versions/node/v18.4.0/bin/npm" "run" "dev"
18 error node v18.4.0
19 error npm  v3.10.10
20 error file sh
21 error code ELIFECYCLE
22 error errno ENOENT
23 error syscall spawn
24 error nodejs@1.0.0 dev: `nodemon ./app.js`
24 error spawn ENOENT
25 error Failed at the nodejs@1.0.0 dev script 'nodemon ./app.js'.
25 error Make sure you have the latest version of node.js and npm installed.
25 error If you do, this is most likely a problem with the nodejs package,
25 error not with npm itself.
25 error Tell the author that this fails on your system:
25 error     nodemon ./app.js
25 error You can get information on how to open an issue for this project with:
25 error     npm bugs nodejs
25 error Or if that isn't available, you can get their info via:
25 error     npm owner ls nodejs
25 error There is likely additional logging output above.
26 verbose exit [ 1, true ]
